[0m10:39:04.160689 [debug] [MainThread]: Sending event: {'category': 'dbt', 'action': 'invocation', 'label': 'start', 'context': [<snowplow_tracker.self_describing_json.SelfDescribingJson object at 0x7f6e6dd45bd0>, <snowplow_tracker.self_describing_json.SelfDescribingJson object at 0x7f6e6c2bbbb0>, <snowplow_tracker.self_describing_json.SelfDescribingJson object at 0x7f6e6c2bbb50>]}


============================== 10:39:04.163421 | a6f3f812-009c-4d49-a517-af68e8f8079a ==============================
[0m10:39:04.163421 [info ] [MainThread]: Running with dbt=1.8.6
[0m10:39:04.163830 [debug] [MainThread]: running dbt with arguments {'printer_width': '80', 'indirect_selection': 'eager', 'log_cache_events': 'False', 'write_json': 'True', 'partial_parse': 'True', 'cache_selected_only': 'False', 'warn_error': 'None', 'fail_fast': 'False', 'version_check': 'True', 'log_path': 'logs', 'profiles_dir': '/home/cocotron/.dbt', 'debug': 'False', 'use_colors': 'True', 'use_experimental_parser': 'False', 'no_print': 'None', 'quiet': 'False', 'empty': 'None', 'log_format': 'default', 'static_parser': 'True', 'invocation_command': 'dbt init', 'warn_error_options': 'WarnErrorOptions(include=[], exclude=[])', 'target_path': 'None', 'introspect': 'True', 'send_anonymous_usage_stats': 'True'}
[0m10:39:04.167439 [warn ] [MainThread]: [ConfigFolderDirectory]: Unable to parse dict {'dir': PosixPath('/home/cocotron/.dbt')}
[0m10:39:04.167697 [info ] [MainThread]: Creating dbt configuration folder at 
[0m10:39:30.085522 [debug] [MainThread]: Starter project path: /home/cocotron/elt/venv/lib/python3.10/site-packages/dbt/include/starter_project
[0m10:39:30.087746 [info ] [MainThread]: 
Your new dbt project "custom_postgres" was created!

For more information on how to configure the profiles.yml file,
please consult the dbt documentation here:

  https://docs.getdbt.com/docs/configure-your-profile

One more thing:

Need help? Don't hesitate to reach out to us via GitHub issues or on Slack:

  https://community.getdbt.com/

Happy modeling!

[0m10:39:30.088040 [info ] [MainThread]: Setting up your profile.
[0m10:41:45.128445 [info ] [MainThread]: Profile custom_postgres written to /home/cocotron/.dbt/profiles.yml using target's profile_template.yml and your supplied values. Run 'dbt debug' to validate the connection.
[0m10:41:45.130147 [debug] [MainThread]: Resource report: {"command_name": "init", "command_success": true, "command_wall_clock_time": 161.00188, "process_user_time": 0.661892, "process_kernel_time": 0.011602, "process_mem_max_rss": "90080", "process_in_blocks": "40", "process_out_blocks": "80"}
[0m10:41:45.130550 [debug] [MainThread]: Command `dbt init` succeeded at 10:41:45.130481 after 161.00 seconds
[0m10:41:45.130800 [debug] [MainThread]: Sending event: {'category': 'dbt', 'action': 'invocation', 'label': 'end', 'context': [<snowplow_tracker.self_describing_json.SelfDescribingJson object at 0x7f6e6dd45bd0>, <snowplow_tracker.self_describing_json.SelfDescribingJson object at 0x7f6e6c6c5f00>, <snowplow_tracker.self_describing_json.SelfDescribingJson object at 0x7f6e6c2bbbb0>]}
[0m10:41:45.131061 [debug] [MainThread]: Flushing usage events
